
*** Running vivado
    with args -log top.vds -m64 -product Vivado -mode batch -messageDb vivado.pb -notrace -source top.tcl


****** Vivado v2025.2 (64-bit)
  **** SW Build 6299465 on Fri Nov 14 12:34:56 MST 2025
  **** IP Build 6300035 on Fri Nov 14 10:48:45 MST 2025
  **** SharedData Build 6298862 on Thu Nov 13 04:50:51 MST 2025
  **** Start of session at: Thu Jul  9 23:59:51 2026
    ** Copyright 1986-2022 Xilinx, Inc. All Rights Reserved.
    ** Copyright 2022-2025 Advanced Micro Devices, Inc. All Rights Reserved.

source top.tcl -notrace
Command: synth_design -top top -part xc7a35tcpg236-1
Starting synth_design
Attempting to get a license for feature 'Synthesis' and/or device 'xc7a35t'
INFO: [Common 17-349] Got license for feature 'Synthesis' and/or device 'xc7a35t'
INFO: [Device 21-403] Loading part xc7a35tcpg236-1
INFO: [Synth 8-7079] Multithreading enabled for synth_design using a maximum of 7 processes.
INFO: [Synth 8-7078] Launching helper process for spawning children vivado processes
INFO: [Synth 8-7075] Helper process launched with PID 15033
---------------------------------------------------------------------------------
Starting RTL Elaboration : Time (s): cpu = 00:00:03 ; elapsed = 00:00:03 . Memory (MB): peak = 2187.961 ; gain = 481.875 ; free physical = 15915 ; free virtual = 23231
---------------------------------------------------------------------------------
INFO: [Synth 8-6157] synthesizing module 'top' [/home/zayaan/Basys3_projects/Waveform_Generator/Waveform_Generator.srcs/sources_1/new/top.v:22]
INFO: [Synth 8-6157] synthesizing module 'Waveform_Generator' [/home/zayaan/Basys3_projects/Waveform_Generator/Waveform_Generator.srcs/sources_1/new/Waveform_Generator.v:23]
	Parameter CLOCK_FREQ_HZ bound to: 100000000 - type: integer 
	Parameter FREQUENCY bound to: 440 - type: integer 
	Parameter AMPLITUDE bound to: 8'b11111111 
	Parameter PHASE_DEGREES bound to: 0 - type: integer 
INFO: [Synth 8-6157] synthesizing module 'Sin_Calculator' [/home/zayaan/Basys3_projects/Waveform_Generator/Waveform_Generator.srcs/sources_1/new/Sine_Calculator.v:23]
INFO: [Synth 8-226] default block is never used [/home/zayaan/Basys3_projects/Waveform_Generator/Waveform_Generator.srcs/sources_1/new/Sine_Calculator.v:49]
INFO: [Synth 8-226] default block is never used [/home/zayaan/Basys3_projects/Waveform_Generator/Waveform_Generator.srcs/sources_1/new/Sine_Calculator.v:120]
INFO: [Synth 8-6155] done synthesizing module 'Sin_Calculator' (0#1) [/home/zayaan/Basys3_projects/Waveform_Generator/Waveform_Generator.srcs/sources_1/new/Sine_Calculator.v:23]
INFO: [Synth 8-226] default block is never used [/home/zayaan/Basys3_projects/Waveform_Generator/Waveform_Generator.srcs/sources_1/new/Waveform_Generator.v:70]
INFO: [Synth 8-6155] done synthesizing module 'Waveform_Generator' (0#1) [/home/zayaan/Basys3_projects/Waveform_Generator/Waveform_Generator.srcs/sources_1/new/Waveform_Generator.v:23]
INFO: [Synth 8-6155] done synthesizing module 'top' (0#1) [/home/zayaan/Basys3_projects/Waveform_Generator/Waveform_Generator.srcs/sources_1/new/top.v:22]
---------------------------------------------------------------------------------
Finished RTL Elaboration : Time (s): cpu = 00:00:04 ; elapsed = 00:00:04 . Memory (MB): peak = 2273.930 ; gain = 567.844 ; free physical = 15790 ; free virtual = 23107
---------------------------------------------------------------------------------
---------------------------------------------------------------------------------
Start Handling Custom Attributes
---------------------------------------------------------------------------------
---------------------------------------------------------------------------------
Finished Handling Custom Attributes : Time (s): cpu = 00:00:04 ; elapsed = 00:00:04 . Memory (MB): peak = 2288.773 ; gain = 582.688 ; free physical = 15788 ; free virtual = 23105
---------------------------------------------------------------------------------
---------------------------------------------------------------------------------
Finished RTL Optimization Phase 1 : Time (s): cpu = 00:00:04 ; elapsed = 00:00:04 . Memory (MB): peak = 2288.773 ; gain = 582.688 ; free physical = 15788 ; free virtual = 23105
---------------------------------------------------------------------------------
Netlist sorting complete. Time (s): cpu = 00:00:00 ; elapsed = 00:00:00 . Memory (MB): peak = 2288.773 ; gain = 0.000 ; free physical = 15788 ; free virtual = 23105
INFO: [Project 1-570] Preparing netlist for logic optimization

Processing XDC Constraints
Initializing timing engine
Parsing XDC File [/home/zayaan/Basys3_projects/Waveform_Generator/Waveform_Generator.srcs/constrs_1/new/Basys3.xdc]
Finished Parsing XDC File [/home/zayaan/Basys3_projects/Waveform_Generator/Waveform_Generator.srcs/constrs_1/new/Basys3.xdc]
INFO: [Project 1-236] Implementation specific constraints were found while reading constraint file [/home/zayaan/Basys3_projects/Waveform_Generator/Waveform_Generator.srcs/constrs_1/new/Basys3.xdc]. These constraints will be ignored for synthesis but will be used in implementation. Impacted constraints are listed in the file [.Xil/top_propImpl.xdc].
Resolution: To avoid this warning, move constraints listed in [.Xil/top_propImpl.xdc] to another XDC file and exclude this new file from synthesis with the used_in_synthesis property (File Properties dialog in GUI) and re-run elaboration/synthesis.
Completed Processing XDC Constraints

Netlist sorting complete. Time (s): cpu = 00:00:00 ; elapsed = 00:00:00 . Memory (MB): peak = 2393.543 ; gain = 0.000 ; free physical = 15766 ; free virtual = 23098
INFO: [Project 1-111] Unisim Transformation Summary:
No Unisim elements were transformed.

Constraint Validation Runtime : Time (s): cpu = 00:00:00 ; elapsed = 00:00:00 . Memory (MB): peak = 2393.578 ; gain = 0.000 ; free physical = 15765 ; free virtual = 23097
---------------------------------------------------------------------------------
Finished Constraint Validation : Time (s): cpu = 00:00:09 ; elapsed = 00:00:09 . Memory (MB): peak = 2393.578 ; gain = 687.492 ; free physical = 15798 ; free virtual = 23134
---------------------------------------------------------------------------------
---------------------------------------------------------------------------------
Start Loading Part and Timing Information
---------------------------------------------------------------------------------
Loading part: xc7a35tcpg236-1
---------------------------------------------------------------------------------
Finished Loading Part and Timing Information : Time (s): cpu = 00:00:09 ; elapsed = 00:00:09 . Memory (MB): peak = 2401.547 ; gain = 695.461 ; free physical = 15798 ; free virtual = 23134
---------------------------------------------------------------------------------
---------------------------------------------------------------------------------
Start Applying 'set_property' XDC Constraints
---------------------------------------------------------------------------------
---------------------------------------------------------------------------------
Finished applying 'set_property' XDC Constraints : Time (s): cpu = 00:00:09 ; elapsed = 00:00:09 . Memory (MB): peak = 2401.547 ; gain = 695.461 ; free physical = 15798 ; free virtual = 23134
---------------------------------------------------------------------------------
---------------------------------------------------------------------------------
Finished RTL Optimization Phase 2 : Time (s): cpu = 00:00:09 ; elapsed = 00:00:10 . Memory (MB): peak = 2401.547 ; gain = 695.461 ; free physical = 15798 ; free virtual = 23131
---------------------------------------------------------------------------------
---------------------------------------------------------------------------------
Start RTL Component Statistics 
---------------------------------------------------------------------------------
Detailed RTL Component Info : 
+---Adders : 
	   2 Input    9 Bit       Adders := 1     
	   3 Input    9 Bit       Adders := 1     
	   2 Input    8 Bit       Adders := 3     
+---Registers : 
	                8 Bit    Registers := 1     
	                1 Bit    Registers := 1     
+---Muxes : 
	   4 Input    8 Bit        Muxes := 2     
	   2 Input    8 Bit        Muxes := 1     
	   4 Input    6 Bit        Muxes := 1     
---------------------------------------------------------------------------------
Finished RTL Component Statistics 
---------------------------------------------------------------------------------
---------------------------------------------------------------------------------
Start Part Resource Summary
---------------------------------------------------------------------------------
Part Resources:
DSPs: 90 (col length:60)
BRAMs: 100 (col length: RAMB18 60 RAMB36 30)
---------------------------------------------------------------------------------
Finished Part Resource Summary
---------------------------------------------------------------------------------
---------------------------------------------------------------------------------
Start Cross Boundary and Area Optimization
---------------------------------------------------------------------------------
---------------------------------------------------------------------------------
Finished Cross Boundary and Area Optimization : Time (s): cpu = 00:00:11 ; elapsed = 00:00:11 . Memory (MB): peak = 2401.547 ; gain = 695.461 ; free physical = 15787 ; free virtual = 23127
---------------------------------------------------------------------------------
---------------------------------------------------------------------------------
Start ROM, RAM, DSP, Shift Register and Retiming Reporting
---------------------------------------------------------------------------------

ROM: Preliminary Mapping Report
+---------------+----------------------------------------+---------------+----------------+
|Module Name    | RTL Object                             | Depth x Width | Implemented As | 
+---------------+----------------------------------------+---------------+----------------+
|Sin_Calculator | quarterValue                           | 64x7          | LUT            | 
|top            | waveformGenerator/sineLUT/quarterValue | 64x7          | LUT            | 
+---------------+----------------------------------------+---------------+----------------+

---------------------------------------------------------------------------------
Finished ROM, RAM, DSP, Shift Register and Retiming Reporting
---------------------------------------------------------------------------------
---------------------------------------------------------------------------------
Start Applying XDC Timing Constraints
---------------------------------------------------------------------------------
---------------------------------------------------------------------------------
Finished Applying XDC Timing Constraints : Time (s): cpu = 00:00:14 ; elapsed = 00:00:14 . Memory (MB): peak = 2462.547 ; gain = 756.461 ; free physical = 15716 ; free virtual = 23068
---------------------------------------------------------------------------------
---------------------------------------------------------------------------------
Start Timing Optimization
---------------------------------------------------------------------------------
---------------------------------------------------------------------------------
Finished Timing Optimization : Time (s): cpu = 00:00:14 ; elapsed = 00:00:14 . Memory (MB): peak = 2494.602 ; gain = 788.516 ; free physical = 15682 ; free virtual = 23034
---------------------------------------------------------------------------------
---------------------------------------------------------------------------------
Start Technology Mapping
---------------------------------------------------------------------------------
---------------------------------------------------------------------------------
Finished Technology Mapping : Time (s): cpu = 00:00:14 ; elapsed = 00:00:15 . Memory (MB): peak = 2494.602 ; gain = 788.516 ; free physical = 15682 ; free virtual = 23034
---------------------------------------------------------------------------------
---------------------------------------------------------------------------------
Start IO Insertion
---------------------------------------------------------------------------------
---------------------------------------------------------------------------------
Start Flattening Before IO Insertion
---------------------------------------------------------------------------------
---------------------------------------------------------------------------------
Finished Flattening Before IO Insertion
---------------------------------------------------------------------------------
---------------------------------------------------------------------------------
Start Final Netlist Cleanup
---------------------------------------------------------------------------------
---------------------------------------------------------------------------------
Finished Final Netlist Cleanup
---------------------------------------------------------------------------------
---------------------------------------------------------------------------------
Finished IO Insertion : Time (s): cpu = 00:00:17 ; elapsed = 00:00:17 . Memory (MB): peak = 2659.414 ; gain = 953.328 ; free physical = 15548 ; free virtual = 22907
---------------------------------------------------------------------------------
---------------------------------------------------------------------------------
Start Renaming Generated Instances
---------------------------------------------------------------------------------
---------------------------------------------------------------------------------
Finished Renaming Generated Instances : Time (s): cpu = 00:00:17 ; elapsed = 00:00:17 . Memory (MB): peak = 2659.414 ; gain = 953.328 ; free physical = 15548 ; free virtual = 22907
---------------------------------------------------------------------------------
---------------------------------------------------------------------------------
Start Rebuilding User Hierarchy
---------------------------------------------------------------------------------
---------------------------------------------------------------------------------
Finished Rebuilding User Hierarchy : Time (s): cpu = 00:00:17 ; elapsed = 00:00:17 . Memory (MB): peak = 2659.414 ; gain = 953.328 ; free physical = 15548 ; free virtual = 22907
---------------------------------------------------------------------------------
---------------------------------------------------------------------------------
Start Renaming Generated Ports
---------------------------------------------------------------------------------
---------------------------------------------------------------------------------
Finished Renaming Generated Ports : Time (s): cpu = 00:00:17 ; elapsed = 00:00:17 . Memory (MB): peak = 2659.414 ; gain = 953.328 ; free physical = 15548 ; free virtual = 22907
---------------------------------------------------------------------------------
---------------------------------------------------------------------------------
Start Handling Custom Attributes
---------------------------------------------------------------------------------
---------------------------------------------------------------------------------
Finished Handling Custom Attributes : Time (s): cpu = 00:00:17 ; elapsed = 00:00:17 . Memory (MB): peak = 2659.414 ; gain = 953.328 ; free physical = 15548 ; free virtual = 22907
---------------------------------------------------------------------------------
---------------------------------------------------------------------------------
Start Renaming Generated Nets
---------------------------------------------------------------------------------
---------------------------------------------------------------------------------
Finished Renaming Generated Nets : Time (s): cpu = 00:00:17 ; elapsed = 00:00:17 . Memory (MB): peak = 2659.414 ; gain = 953.328 ; free physical = 15548 ; free virtual = 22907
---------------------------------------------------------------------------------
---------------------------------------------------------------------------------
Start Writing Synthesis Report
---------------------------------------------------------------------------------

Report BlackBoxes: 
+-+--------------+----------+
| |BlackBox name |Instances |
+-+--------------+----------+
+-+--------------+----------+

Report Cell Usage: 
+------+-------+------+
|      |Cell   |Count |
+------+-------+------+
|1     |BUFG   |     1|
|2     |CARRY4 |    25|
|3     |LUT1   |    19|
|4     |LUT2   |    38|
|5     |LUT3   |    11|
|6     |LUT4   |    10|
|7     |LUT5   |    10|
|8     |LUT6   |    39|
|9     |FDRE   |    41|
|10    |IBUF   |     4|
|11    |OBUF   |     3|
+------+-------+------+
---------------------------------------------------------------------------------
Finished Writing Synthesis Report : Time (s): cpu = 00:00:17 ; elapsed = 00:00:17 . Memory (MB): peak = 2659.414 ; gain = 953.328 ; free physical = 15548 ; free virtual = 22907
---------------------------------------------------------------------------------
Synthesis finished with 0 errors, 0 critical warnings and 0 warnings.
Synthesis Optimization Runtime : Time (s): cpu = 00:00:16 ; elapsed = 00:00:16 . Memory (MB): peak = 2659.414 ; gain = 848.523 ; free physical = 15548 ; free virtual = 22907
Synthesis Optimization Complete : Time (s): cpu = 00:00:17 ; elapsed = 00:00:17 . Memory (MB): peak = 2659.422 ; gain = 953.328 ; free physical = 15548 ; free virtual = 22907
INFO: [Project 1-571] Translating synthesized netlist
Netlist sorting complete. Time (s): cpu = 00:00:00 ; elapsed = 00:00:00 . Memory (MB): peak = 2659.422 ; gain = 0.000 ; free physical = 15548 ; free virtual = 22907
INFO: [Netlist 29-17] Analyzing 25 Unisim elements for replacement
INFO: [Netlist 29-28] Unisim Transformation completed in 0 CPU seconds
INFO: [Project 1-570] Preparing netlist for logic optimization
INFO: [Opt 31-138] Pushed 0 inverter(s) to 0 load pin(s).
Netlist sorting complete. Time (s): cpu = 00:00:00 ; elapsed = 00:00:00 . Memory (MB): peak = 2715.441 ; gain = 0.000 ; free physical = 15710 ; free virtual = 23064
INFO: [Project 1-111] Unisim Transformation Summary:
No Unisim elements were transformed.

Synth Design complete | Checksum: def2cc36
INFO: [Common 17-83] Releasing license: Synthesis
24 Infos, 0 Warnings, 0 Critical Warnings and 0 Errors encountered.
synth_design completed successfully
synth_design: Time (s): cpu = 00:00:22 ; elapsed = 00:00:21 . Memory (MB): peak = 2715.477 ; gain = 1101.695 ; free physical = 15717 ; free virtual = 23076
INFO: [Common 17-2834] synth_design peak Physical Memory [PSS] (MB): overall = 1786.290; main = 1786.290; forked = 281.032
INFO: [Common 17-2834] synth_design peak Virtual Memory [VSS] (MB): overall = 3396.793; main = 2715.445; forked = 995.242
Write ShapeDB Complete: Time (s): cpu = 00:00:00 ; elapsed = 00:00:00 . Memory (MB): peak = 2739.453 ; gain = 0.000 ; free physical = 15717 ; free virtual = 23076
INFO: [Common 17-1381] The checkpoint '/home/zayaan/Basys3_projects/Waveform_Generator/Waveform_Generator.runs/synth_1/top.dcp' has been generated.
INFO: [Vivado 12-24828] Executing command : report_utilization -file top_utilization_synth.rpt -pb top_utilization_synth.pb
INFO: [Common 17-206] Exiting Vivado at Fri Jul 10 00:00:15 2026...
